<?xml version="1.0" encoding="UTF-8"?>
<!-- Generated by org.testng.reporters.JUnitXMLReporter -->
<testsuite ignored="2" hostname="LAPTOP-J6JNDT39" failures="0" tests="2" name="Get Started Test" time="5.074" errors="0" timestamp="2022-04-19T12:36:26 EDT">
  <testcase classname="testCases.GetStartedTest" name="t_01_clickGetStartedBtn" time="2.745"/>
  <testcase classname="testCases.HomePageTest" name="t01_sign_in" time="2.258"/>
  <testcase classname="testCases.BaseClass" name="@BeforeSuite SetUp" time="0.0">
    <ignored/>
  </testcase> <!-- @BeforeSuite SetUp -->
  <testcase classname="testCases.BaseClass" name="@AfterSuite tearDown" time="0.0">
    <ignored/>
  </testcase> <!-- @AfterSuite tearDown -->
</testsuite> <!-- Get Started Test -->
