<?xml version="1.0" encoding="UTF-8"?>
<!-- Generated by org.testng.reporters.JUnitXMLReporter -->
<testsuite ignored="6" hostname="LAPTOP-J6JNDT39" failures="0" tests="3" name="Regression" time="6.249" errors="0" timestamp="2022-05-10T00:23:14 EDT">
  <testcase classname="testCases.GetStartedTest" name="t01_clickGetStartedBtn" time="2.963"/>
  <testcase classname="testCases.HomePageTest" name="t01_sign_in" time="0.451"/>
  <testcase classname="testCases.LoginTest" name="t02_LoginTest" time="1.241"/>
  <testcase classname="testCases.HomePageTest" name="t03_press_linked_list" time="0.0">
    <ignored/>
  </testcase> <!-- t03_press_linked_list -->
  <testcase classname="pageObjects.BaseClass" name="@AfterSuite tearDown" time="0.0">
    <ignored/>
  </testcase> <!-- @AfterSuite tearDown -->
  <testcase classname="pageObjects.BaseClass" name="@BeforeSuite SetUp" time="0.0">
    <ignored/>
  </testcase> <!-- @BeforeSuite SetUp -->
  <testcase classname="testCases.HomePageTest" name="t04_select_array" time="0.0">
    <ignored/>
  </testcase> <!-- t04_select_array -->
  <testcase classname="pageObjects.BaseClass" name="@AfterSuite tearDown" time="0.0">
    <ignored/>
  </testcase> <!-- @AfterSuite tearDown -->
  <testcase classname="pageObjects.BaseClass" name="@BeforeSuite SetUp" time="0.0">
    <ignored/>
  </testcase> <!-- @BeforeSuite SetUp -->
</testsuite> <!-- Regression -->
