<?xml version="1.0" encoding="UTF-8"?>
<!-- Generated by org.testng.reporters.JUnitXMLReporter -->
<testsuite ignored="8" hostname="LAPTOP-J6JNDT39" failures="0" tests="4" name="Sanity" time="8.662" errors="0" timestamp="2022-05-10T00:23:23 EDT">
  <testcase classname="testCases.HomePageTest" name="t03_press_linked_list" time="2.408"/>
  <testcase classname="testCases.LinkedListTest" name="t01_create_linked_list" time="2.416"/>
  <testcase classname="testCases.TryMeTest" name="t01_try_here" time="2.853"/>
  <testcase classname="testCases.AssessmentTest" name="t01_click_runtest" time="0.707"/>
  <testcase classname="pageObjects.BaseClass" name="@AfterSuite tearDown" time="0.0">
    <ignored/>
  </testcase> <!-- @AfterSuite tearDown -->
  <testcase classname="pageObjects.BaseClass" name="@BeforeSuite SetUp" time="0.0">
    <ignored/>
  </testcase> <!-- @BeforeSuite SetUp -->
  <testcase classname="pageObjects.BaseClass" name="@AfterSuite tearDown" time="0.0">
    <ignored/>
  </testcase> <!-- @AfterSuite tearDown -->
  <testcase classname="testCases.HomePageTest" name="t04_select_array" time="0.0">
    <ignored/>
  </testcase> <!-- t04_select_array -->
  <testcase classname="testCases.HomePageTest" name="t01_sign_in" time="0.0">
    <ignored/>
  </testcase> <!-- t01_sign_in -->
  <testcase classname="pageObjects.BaseClass" name="@AfterSuite tearDown" time="0.0">
    <ignored/>
  </testcase> <!-- @AfterSuite tearDown -->
  <testcase classname="pageObjects.BaseClass" name="@BeforeSuite SetUp" time="0.0">
    <ignored/>
  </testcase> <!-- @BeforeSuite SetUp -->
  <testcase classname="pageObjects.BaseClass" name="@BeforeSuite SetUp" time="0.0">
    <ignored/>
  </testcase> <!-- @BeforeSuite SetUp -->
</testsuite> <!-- Sanity -->
