<?xml version="1.0" encoding="UTF-8"?>
<!-- Generated by org.testng.reporters.JUnitXMLReporter -->
<testsuite ignored="0" hostname="LAPTOP-J6JNDT39" failures="1" tests="1" name="TestonEdge" time="6.438" errors="0" timestamp="2022-04-17T06:52:58 EDT">
  <testcase classname="testCases.GetStartedTest" name="t_01_clickGetStartedBtn" time="2.011">
    <failure type="java.lang.NullPointerException" message="Cannot invoke &amp;quot;org.openqa.selenium.SearchContext.findElement(org.openqa.selenium.By)&amp;quot; because &amp;quot;this.searchContext&amp;quot; is null">
      <![CDATA[java.lang.NullPointerException: Cannot invoke "org.openqa.selenium.SearchContext.findElement(org.openqa.selenium.By)" because "this.searchContext" is null
at org.openqa.selenium.support.pagefactory.DefaultElementLocator.findElement(DefaultElementLocator.java:70)
at org.openqa.selenium.support.pagefactory.internal.LocatingElementHandler.invoke(LocatingElementHandler.java:39)
at jdk.proxy2/jdk.proxy2.$Proxy20.click(Unknown Source)
at pageObjects.GetstartedPage.click_btngetstarted(GetstartedPage.java:26)
at testCases.GetStartedTest.t_01_clickGetStartedBtn(GetStartedTest.java:25)
at java.base/java.util.ArrayList.forEach(ArrayList.java:1511)
... Removed 27 stack frames]]>
    </failure>
  </testcase> <!-- t_01_clickGetStartedBtn -->
</testsuite> <!-- TestonEdge -->
